<?xml version="1.0" encoding="UTF-8"?>
<!-- Generated by org.testng.reporters.JUnitReportReporter -->
<testsuite hostname="QA" failures="0" tests="4" name="com.testcases.LoginTest" time="59.112" errors="0" timestamp="2023-12-01T10:57:54 IST" skipped="1">
  <testcase classname="com.testcases.LoginTest" name="loginPageTitleTest" time="51.312"/>
  <system-out/>
  <testcase classname="com.testcases.LoginTest" name="FLOlogin" time="4.502"/>
  <system-out/>
  <testcase classname="com.testcases.LoginTest" name="FLOlogin" time="3.298"/>
  <system-out/>
  <testcase classname="com.testcases.LoginTest" name="crmLogoImageTest">
    <skipped/>
  </testcase> <!-- crmLogoImageTest -->
  <system-out/>
</testsuite> <!-- com.testcases.LoginTest -->
