<?xml version="1.0" encoding="UTF-8"?>
<!-- Generated by org.testng.reporters.JUnitReportReporter -->
<testsuite hostname="LAPTOP-52KAV6VB" failures="0" tests="3" name="com.testcases.LoginTest" time="159.148" errors="0" timestamp="2022-11-28T17:59:26 IST" skipped="0">
  <testcase classname="com.testcases.LoginTest" name="loginPageTitleTest" time="53.921"/>
  <system-out/>
  <testcase classname="com.testcases.LoginTest" name="crmLogoImageTest" time="49.727"/>
  <system-out/>
  <testcase classname="com.testcases.LoginTest" name="FLOlogin" time="55.500"/>
  <system-out/>
</testsuite> <!-- com.testcases.LoginTest -->
